<!DOCTYPE html>

<html>
  <head>
  <meta charset='utf-8'>
  <title>TestNG reports</title>

    <link type="text/css" href="testng-reports.css" rel="stylesheet" />
    <script type="text/javascript" src="jquery-3.4.1.min.js"></script>
    <script type="text/javascript" src="testng-reports.js"></script>
    <script type="text/javascript" src="https://www.google.com/jsapi"></script>
    <script type='text/javascript'>
      google.load('visualization', '1', {packages:['table']});
      google.setOnLoadCallback(drawTable);
      var suiteTableInitFunctions = new Array();
      var suiteTableData = new Array();
    </script>
    <!--
      <script type="text/javascript" src="jquery-ui/js/jquery-ui-1.8.16.custom.min.js"></script>
     -->
  </head>

  <body>
    <div class="top-banner-root">
      <span class="top-banner-title-font">Test results</span>
      <br/>
      <span class="top-banner-font-1">1 suite, 3 failed tests</span>
    </div> <!-- top-banner-root -->
    <div class="navigator-root">
      <div class="navigator-suite-header">
        <span>All suites</span>
        <a href="#" title="Collapse/expand all the suites" class="collapse-all-link">
          <img src="collapseall.gif" class="collapse-all-icon">
          </img> <!-- collapse-all-icon -->
        </a> <!-- collapse-all-link -->
      </div> <!-- navigator-suite-header -->
      <div class="suite">
        <div class="rounded-window">
          <div class="suite-header light-rounded-window-top">
            <a href="#" panel-name="suite-Surefire_suite" class="navigator-link">
              <span class="suite-name border-failed">Surefire suite</span>
            </a> <!-- navigator-link -->
          </div> <!-- suite-header light-rounded-window-top -->
          <div class="navigator-suite-content">
            <div class="suite-section-title">
              <span>Info</span>
            </div> <!-- suite-section-title -->
            <div class="suite-section-content">
              <ul>
                <li>
                  <a href="#" panel-name="test-xml-Surefire_suite" class="navigator-link ">
                    <span>[unset file name]</span>
                  </a> <!-- navigator-link  -->
                </li>
                <li>
                  <a href="#" panel-name="testlist-Surefire_suite" class="navigator-link ">
                    <span class="test-stats">1 test</span>
                  </a> <!-- navigator-link  -->
                </li>
                <li>
                  <a href="#" panel-name="group-Surefire_suite" class="navigator-link ">
                    <span>0 groups</span>
                  </a> <!-- navigator-link  -->
                </li>
                <li>
                  <a href="#" panel-name="times-Surefire_suite" class="navigator-link ">
                    <span>Times</span>
                  </a> <!-- navigator-link  -->
                </li>
                <li>
                  <a href="#" panel-name="reporter-Surefire_suite" class="navigator-link ">
                    <span>Reporter output</span>
                  </a> <!-- navigator-link  -->
                </li>
                <li>
                  <a href="#" panel-name="ignored-methods-Surefire_suite" class="navigator-link ">
                    <span>Ignored methods</span>
                  </a> <!-- navigator-link  -->
                </li>
                <li>
                  <a href="#" panel-name="chronological-Surefire_suite" class="navigator-link ">
                    <span>Chronological view</span>
                  </a> <!-- navigator-link  -->
                </li>
              </ul>
            </div> <!-- suite-section-content -->
            <div class="result-section">
              <div class="suite-section-title">
                <span>Results</span>
              </div> <!-- suite-section-title -->
              <div class="suite-section-content">
                <ul>
                  <li>
                    <span class="method-stats">11 methods, 3 failed,   8 passed</span>
                  </li>
                  <li>
                    <span class="method-list-title failed">Failed methods</span>
                    <span class="show-or-hide-methods failed">
                      <a href="#" panel-name="suite-Surefire_suite" class="hide-methods failed suite-Surefire_suite"> (hide)</a> <!-- hide-methods failed suite-Surefire_suite -->
                      <a href="#" panel-name="suite-Surefire_suite" class="show-methods failed suite-Surefire_suite"> (show)</a> <!-- show-methods failed suite-Surefire_suite -->
                    </span>
                    <div class="method-list-content failed suite-Surefire_suite">
                      <span>
                        <img src="failed.png" width="3%"/>
                        <a href="#" panel-name="suite-Surefire_suite" title="testspec.LoginTest" class="method navigator-link" hash-for-method="verify_user_signin_with_valid_username_and_password(test1234, Test@1234)">verify_user_signin_with_valid_username_and_password(test1234, Test@1234)</a> <!-- method navigator-link -->
                      </span>
                      <br/>
                      <span>
                        <img src="failed.png" width="3%"/>
                        <a href="#" panel-name="suite-Surefire_suite" title="testspec.LoginTest" class="method navigator-link" hash-for-method="verify_user_signin_with_valid_username_and_password(test123, Test@123)">verify_user_signin_with_valid_username_and_password(test123, Test@123)</a> <!-- method navigator-link -->
                      </span>
                      <br/>
                      <span>
                        <img src="failed.png" width="3%"/>
                        <a href="#" panel-name="suite-Surefire_suite" title="testspec.LoginTest" class="method navigator-link" hash-for-method="verify_user_signin_with_valid_username_and_password(test12345, Test@12345)">verify_user_signin_with_valid_username_and_password(test12345, Test@12345)</a> <!-- method navigator-link -->
                      </span>
                      <br/>
                    </div> <!-- method-list-content failed suite-Surefire_suite -->
                  </li>
                  <li>
                    <span class="method-list-title passed">Passed methods</span>
                    <span class="show-or-hide-methods passed">
                      <a href="#" panel-name="suite-Surefire_suite" class="hide-methods passed suite-Surefire_suite"> (hide)</a> <!-- hide-methods passed suite-Surefire_suite -->
                      <a href="#" panel-name="suite-Surefire_suite" class="show-methods passed suite-Surefire_suite"> (show)</a> <!-- show-methods passed suite-Surefire_suite -->
                    </span>
                    <div class="method-list-content passed suite-Surefire_suite">
                      <span>
                        <img src="passed.png" width="3%"/>
                        <a href="#" panel-name="suite-Surefire_suite" title="testspec.ProfileTest" class="method navigator-link" hash-for-method="verify_book_is_added_to_collection(test123, Test@123, Speaking JavaScript)">verify_book_is_added_to_collection(test123, Test@123, Speaking JavaScript)</a> <!-- method navigator-link -->
                      </span>
                      <br/>
                      <span>
                        <img src="passed.png" width="3%"/>
                        <a href="#" panel-name="suite-Surefire_suite" title="testspec.ProfileTest" class="method navigator-link" hash-for-method="verify_functional_buttons_are_displayed">verify_functional_buttons_are_displayed</a> <!-- method navigator-link -->
                      </span>
                      <br/>
                      <span>
                        <img src="passed.png" width="3%"/>
                        <a href="#" panel-name="suite-Surefire_suite" title="testspec.LoginTest" class="method navigator-link" hash-for-method="verify_user_signin_with_invalid_username_and_password(t, t)">verify_user_signin_with_invalid_username_and_password(t, t)</a> <!-- method navigator-link -->
                      </span>
                      <br/>
                      <span>
                        <img src="passed.png" width="3%"/>
                        <a href="#" panel-name="suite-Surefire_suite" title="testspec.LoginTest" class="method navigator-link" hash-for-method="verify_user_signin_with_invalid_username_and_password(&#039;or 1=1;--, test@123)">verify_user_signin_with_invalid_username_and_password('or 1=1;--, test@123)</a> <!-- method navigator-link -->
                      </span>
                      <br/>
                      <span>
                        <img src="passed.png" width="3%"/>
                        <a href="#" panel-name="suite-Surefire_suite" title="testspec.LoginTest" class="method navigator-link" hash-for-method="verify_user_signin_with_invalid_username_and_password(testoepe, hheheddfgheheh)">verify_user_signin_with_invalid_username_and_password(testoepe, hheheddfgheheh)</a> <!-- method navigator-link -->
                      </span>
                      <br/>
                      <span>
                        <img src="passed.png" width="3%"/>
                        <a href="#" panel-name="suite-Surefire_suite" title="testspec.LoginTest" class="method navigator-link" hash-for-method="verify_user_signin_with_invalid_username_and_password(-1111111, -2333333)">verify_user_signin_with_invalid_username_and_password(-1111111, -2333333)</a> <!-- method navigator-link -->
                      </span>
                      <br/>
                      <span>
                        <img src="passed.png" width="3%"/>
                        <a href="#" panel-name="suite-Surefire_suite" title="testspec.LoginTest" class="method navigator-link" hash-for-method="verify_user_signin_with_invalid_username_and_password(@@!!$$%%^&amp;*()_+:/&gt;&lt;##&amp;*-=;, @@!!$$%%^&amp;*()_+:/&gt;&lt;##&amp;*-=;)">verify_user_signin_with_invalid_username_and_password(@@!!$$%%^&*()_+:/><##&*-=;, @@!!$$%%^&*()_+:/><##&*-=;)</a> <!-- method navigator-link -->
                      </span>
                      <br/>
                      <span>
                        <img src="passed.png" width="3%"/>
                        <a href="#" panel-name="suite-Surefire_suite" title="testspec.LoginTest" class="method navigator-link" hash-for-method="verify_user_signin_with_invalid_username_and_password(ttttttttttttttttttttttttttdddddd, ttttttttttttttdddddddddddddddddd)">verify_user_signin_with_invalid_username_and_password(ttttttttttttttttttttttttttdddddd, ttttttttttttttdddddddddddddddddd)</a> <!-- method navigator-link -->
                      </span>
                      <br/>
                    </div> <!-- method-list-content passed suite-Surefire_suite -->
                  </li>
                </ul>
              </div> <!-- suite-section-content -->
            </div> <!-- result-section -->
          </div> <!-- navigator-suite-content -->
        </div> <!-- rounded-window -->
      </div> <!-- suite -->
    </div> <!-- navigator-root -->
    <div class="wrapper">
      <div class="main-panel-root">
        <div panel-name="suite-Surefire_suite" class="panel Surefire_suite">
          <div class="suite-Surefire_suite-class-failed">
            <div class="main-panel-header rounded-window-top">
              <img src="failed.png"/>
              <span class="class-name">testspec.LoginTest</span>
            </div> <!-- main-panel-header rounded-window-top -->
            <div class="main-panel-content rounded-window-bottom">
              <div class="method">
                <div class="method-content">
                  <a name="verify_user_signin_with_valid_username_and_password(test1234, Test@1234)">
                  </a> <!-- verify_user_signin_with_valid_username_and_password(test1234, Test@1234) -->
                  <span class="method-name">verify_user_signin_with_valid_username_and_password</span>
                  <span class="parameters">(test1234, Test@1234)</span>
                  <div class="stack-trace">org.openqa.selenium.NoSuchElementException: no such element: Unable to locate element: {&quot;method&quot;:&quot;css selector&quot;,&quot;selector&quot;:&quot;#userName&quot;}
  (Session info: chrome=119.0.6045.200)
For documentation on this error, please visit: https://www.selenium.dev/documentation/webdriver/troubleshooting/errors#no-such-element-exception
Build info: version: &apos;4.15.0&apos;, revision: &apos;1d14b5521b&apos;
System info: os.name: &apos;Windows 10&apos;, os.arch: &apos;amd64&apos;, os.version: &apos;10.0&apos;, java.version: &apos;17.0.7&apos;
Driver info: org.openqa.selenium.chrome.ChromeDriver
Command: [29cd1eee515f1cda5a4190cf3de068ae, findElement {using=id, value=userName}]
Capabilities {acceptInsecureCerts: false, browserName: chrome, browserVersion: 119.0.6045.200, chrome: {chromedriverVersion: 119.0.6045.105 (38c72552c5e..., userDataDir: C:\Users\91882\AppData\Loca...}, fedcm:accounts: true, goog:chromeOptions: {debuggerAddress: localhost:64692}, networkConnectionEnabled: false, pageLoadStrategy: normal, platformName: windows, proxy: Proxy(), se:cdp: ws://localhost:64692/devtoo..., se:cdpVersion: 119.0.6045.200, setWindowRect: true, strictFileInteractability: false, timeouts: {implicit: 0, pageLoad: 300000, script: 30000}, unhandledPromptBehavior: dismiss and notify, webauthn:extension:credBlob: true, webauthn:extension:largeBlob: true, webauthn:extension:minPinLength: true, webauthn:extension:prf: true, webauthn:virtualAuthenticators: true}
Session ID: 29cd1eee515f1cda5a4190cf3de068ae
	at org.openqa.selenium.remote.codec.w3c.W3CHttpResponseCodec.createException(W3CHttpResponseCodec.java:200)
	at org.openqa.selenium.remote.codec.w3c.W3CHttpResponseCodec.decode(W3CHttpResponseCodec.java:133)
	at org.openqa.selenium.remote.codec.w3c.W3CHttpResponseCodec.decode(W3CHttpResponseCodec.java:52)
	at org.openqa.selenium.remote.HttpCommandExecutor.execute(HttpCommandExecutor.java:191)
	at org.openqa.selenium.remote.service.DriverCommandExecutor.invokeExecute(DriverCommandExecutor.java:200)
	at org.openqa.selenium.remote.service.DriverCommandExecutor.execute(DriverCommandExecutor.java:175)
	at org.openqa.selenium.remote.RemoteWebDriver.execute(RemoteWebDriver.java:607)
	at org.openqa.selenium.remote.ElementLocation$ElementFinder$2.findElement(ElementLocation.java:165)
	at org.openqa.selenium.remote.ElementLocation.findElement(ElementLocation.java:59)
	at org.openqa.selenium.remote.RemoteWebDriver.findElement(RemoteWebDriver.java:364)
	at org.openqa.selenium.remote.RemoteWebDriver.findElement(RemoteWebDriver.java:358)
	at pageobject.LoginPageObject.getUsernameField(LoginPageObject.java:27)
	at testspec.LoginTest.verify_user_signin_with_valid_username_and_password(LoginTest.java:91)
	at java.base/java.util.ArrayList.forEach(ArrayList.java:1511)
... Removed 37 stack frames
</div> <!-- stack-trace -->
                </div> <!-- method-content -->
              </div> <!-- method -->
              <div class="method">
                <div class="method-content">
                  <a name="verify_user_signin_with_valid_username_and_password(test123, Test@123)">
                  </a> <!-- verify_user_signin_with_valid_username_and_password(test123, Test@123) -->
                  <span class="method-name">verify_user_signin_with_valid_username_and_password</span>
                  <span class="parameters">(test123, Test@123)</span>
                  <div class="stack-trace">java.lang.NullPointerException: Cannot invoke &quot;pageobject.ProfilePageObject.getProfileUsername()&quot; because &quot;this.ppo&quot; is null
	at testspec.LoginTest.verify_user_signin_with_valid_username_and_password(LoginTest.java:97)
	at java.base/java.util.ArrayList.forEach(ArrayList.java:1511)
... Removed 32 stack frames
</div> <!-- stack-trace -->
                </div> <!-- method-content -->
              </div> <!-- method -->
              <div class="method">
                <div class="method-content">
                  <a name="verify_user_signin_with_valid_username_and_password(test12345, Test@12345)">
                  </a> <!-- verify_user_signin_with_valid_username_and_password(test12345, Test@12345) -->
                  <span class="method-name">verify_user_signin_with_valid_username_and_password</span>
                  <span class="parameters">(test12345, Test@12345)</span>
                  <div class="stack-trace">org.openqa.selenium.NoSuchElementException: no such element: Unable to locate element: {&quot;method&quot;:&quot;css selector&quot;,&quot;selector&quot;:&quot;#userName&quot;}
  (Session info: chrome=119.0.6045.200)
For documentation on this error, please visit: https://www.selenium.dev/documentation/webdriver/troubleshooting/errors#no-such-element-exception
Build info: version: &apos;4.15.0&apos;, revision: &apos;1d14b5521b&apos;
System info: os.name: &apos;Windows 10&apos;, os.arch: &apos;amd64&apos;, os.version: &apos;10.0&apos;, java.version: &apos;17.0.7&apos;
Driver info: org.openqa.selenium.chrome.ChromeDriver
Command: [29cd1eee515f1cda5a4190cf3de068ae, findElement {using=id, value=userName}]
Capabilities {acceptInsecureCerts: false, browserName: chrome, browserVersion: 119.0.6045.200, chrome: {chromedriverVersion: 119.0.6045.105 (38c72552c5e..., userDataDir: C:\Users\91882\AppData\Loca...}, fedcm:accounts: true, goog:chromeOptions: {debuggerAddress: localhost:64692}, networkConnectionEnabled: false, pageLoadStrategy: normal, platformName: windows, proxy: Proxy(), se:cdp: ws://localhost:64692/devtoo..., se:cdpVersion: 119.0.6045.200, setWindowRect: true, strictFileInteractability: false, timeouts: {implicit: 0, pageLoad: 300000, script: 30000}, unhandledPromptBehavior: dismiss and notify, webauthn:extension:credBlob: true, webauthn:extension:largeBlob: true, webauthn:extension:minPinLength: true, webauthn:extension:prf: true, webauthn:virtualAuthenticators: true}
Session ID: 29cd1eee515f1cda5a4190cf3de068ae
	at org.openqa.selenium.remote.codec.w3c.W3CHttpResponseCodec.createException(W3CHttpResponseCodec.java:200)
	at org.openqa.selenium.remote.codec.w3c.W3CHttpResponseCodec.decode(W3CHttpResponseCodec.java:133)
	at org.openqa.selenium.remote.codec.w3c.W3CHttpResponseCodec.decode(W3CHttpResponseCodec.java:52)
	at org.openqa.selenium.remote.HttpCommandExecutor.execute(HttpCommandExecutor.java:191)
	at org.openqa.selenium.remote.service.DriverCommandExecutor.invokeExecute(DriverCommandExecutor.java:200)
	at org.openqa.selenium.remote.service.DriverCommandExecutor.execute(DriverCommandExecutor.java:175)
	at org.openqa.selenium.remote.RemoteWebDriver.execute(RemoteWebDriver.java:607)
	at org.openqa.selenium.remote.ElementLocation$ElementFinder$2.findElement(ElementLocation.java:165)
	at org.openqa.selenium.remote.ElementLocation.findElement(ElementLocation.java:59)
	at org.openqa.selenium.remote.RemoteWebDriver.findElement(RemoteWebDriver.java:364)
	at org.openqa.selenium.remote.RemoteWebDriver.findElement(RemoteWebDriver.java:358)
	at pageobject.LoginPageObject.getUsernameField(LoginPageObject.java:27)
	at testspec.LoginTest.verify_user_signin_with_valid_username_and_password(LoginTest.java:91)
	at java.base/java.util.ArrayList.forEach(ArrayList.java:1511)
... Removed 37 stack frames
</div> <!-- stack-trace -->
                </div> <!-- method-content -->
              </div> <!-- method -->
            </div> <!-- main-panel-content rounded-window-bottom -->
          </div> <!-- suite-Surefire_suite-class-failed -->
          <div class="suite-Surefire_suite-class-passed">
            <div class="main-panel-header rounded-window-top">
              <img src="passed.png"/>
              <span class="class-name">testspec.LoginTest</span>
            </div> <!-- main-panel-header rounded-window-top -->
            <div class="main-panel-content rounded-window-bottom">
              <div class="method">
                <div class="method-content">
                  <a name="verify_user_signin_with_invalid_username_and_password(t, t)">
                  </a> <!-- verify_user_signin_with_invalid_username_and_password(t, t) -->
                  <span class="method-name">verify_user_signin_with_invalid_username_and_password</span>
                  <span class="parameters">(t, t)</span>
                </div> <!-- method-content -->
              </div> <!-- method -->
              <div class="method">
                <div class="method-content">
                  <a name="verify_user_signin_with_invalid_username_and_password(&#039;or 1=1;--, test@123)">
                  </a> <!-- verify_user_signin_with_invalid_username_and_password('or 1=1;-, test@123) -->
                  <span class="method-name">verify_user_signin_with_invalid_username_and_password</span>
                  <span class="parameters">('or 1=1;--, test@123)</span>
                </div> <!-- method-content -->
              </div> <!-- method -->
              <div class="method">
                <div class="method-content">
                  <a name="verify_user_signin_with_invalid_username_and_password(testoepe, hheheddfgheheh)">
                  </a> <!-- verify_user_signin_with_invalid_username_and_password(testoepe, hheheddfgheheh) -->
                  <span class="method-name">verify_user_signin_with_invalid_username_and_password</span>
                  <span class="parameters">(testoepe, hheheddfgheheh)</span>
                </div> <!-- method-content -->
              </div> <!-- method -->
              <div class="method">
                <div class="method-content">
                  <a name="verify_user_signin_with_invalid_username_and_password(-1111111, -2333333)">
                  </a> <!-- verify_user_signin_with_invalid_username_and_password(-1111111, -2333333) -->
                  <span class="method-name">verify_user_signin_with_invalid_username_and_password</span>
                  <span class="parameters">(-1111111, -2333333)</span>
                </div> <!-- method-content -->
              </div> <!-- method -->
              <div class="method">
                <div class="method-content">
                  <a name="verify_user_signin_with_invalid_username_and_password(@@!!$$%%^&amp;*()_+:/&gt;&lt;##&amp;*-=;, @@!!$$%%^&amp;*()_+:/&gt;&lt;##&amp;*-=;)">
                  </a> <!-- verify_user_signin_with_invalid_username_and_password(@@!!$$%%^&*()_+:/><##&*-=;, @@!!$$%%^&*()_+:/><##&*-=;) -->
                  <span class="method-name">verify_user_signin_with_invalid_username_and_password</span>
                  <span class="parameters">(@@!!$$%%^&*()_+:/><##&*-=;, @@!!$$%%^&*()_+:/><##&*-=;)</span>
                </div> <!-- method-content -->
              </div> <!-- method -->
              <div class="method">
                <div class="method-content">
                  <a name="verify_user_signin_with_invalid_username_and_password(ttttttttttttttttttttttttttdddddd, ttttttttttttttdddddddddddddddddd)">
                  </a> <!-- verify_user_signin_with_invalid_username_and_password(ttttttttttttttttttttttttttdddddd, ttttttttttttttdddddddddddddddddd) -->
                  <span class="method-name">verify_user_signin_with_invalid_username_and_password</span>
                  <span class="parameters">(ttttttttttttttttttttttttttdddddd, ttttttttttttttdddddddddddddddddd)</span>
                </div> <!-- method-content -->
              </div> <!-- method -->
            </div> <!-- main-panel-content rounded-window-bottom -->
          </div> <!-- suite-Surefire_suite-class-passed -->
          <div class="suite-Surefire_suite-class-passed">
            <div class="main-panel-header rounded-window-top">
              <img src="passed.png"/>
              <span class="class-name">testspec.ProfileTest</span>
            </div> <!-- main-panel-header rounded-window-top -->
            <div class="main-panel-content rounded-window-bottom">
              <div class="method">
                <div class="method-content">
                  <a name="verify_book_is_added_to_collection(test123, Test@123, Speaking JavaScript)">
                  </a> <!-- verify_book_is_added_to_collection(test123, Test@123, Speaking JavaScript) -->
                  <span class="method-name">verify_book_is_added_to_collection</span>
                  <span class="parameters">(test123, Test@123, Speaking JavaScript)</span>
                </div> <!-- method-content -->
              </div> <!-- method -->
              <div class="method">
                <div class="method-content">
                  <a name="verify_functional_buttons_are_displayed">
                  </a> <!-- verify_functional_buttons_are_displayed -->
                  <span class="method-name">verify_functional_buttons_are_displayed</span>
                </div> <!-- method-content -->
              </div> <!-- method -->
            </div> <!-- main-panel-content rounded-window-bottom -->
          </div> <!-- suite-Surefire_suite-class-passed -->
        </div> <!-- panel Surefire_suite -->
        <div panel-name="test-xml-Surefire_suite" class="panel">
          <div class="main-panel-header rounded-window-top">
          </div> <!-- main-panel-header rounded-window-top -->
          <div class="main-panel-content rounded-window-bottom">
            <pre>
&lt;?xml version=&quot;1.0&quot; encoding=&quot;UTF-8&quot;?&gt;
&lt;!DOCTYPE suite SYSTEM &quot;https://testng.org/testng-1.0.dtd&quot;&gt;
&lt;suite thread-count=&quot;1&quot; name=&quot;Surefire suite&quot; verbose=&quot;0&quot;&gt;
  &lt;test thread-count=&quot;1&quot; name=&quot;Surefire test&quot; verbose=&quot;0&quot;&gt;
    &lt;classes&gt;
      &lt;class name=&quot;testspec.LoginTest&quot;/&gt;
      &lt;class name=&quot;testspec.ProfileTest&quot;/&gt;
    &lt;/classes&gt;
  &lt;/test&gt; &lt;!-- Surefire test --&gt;
&lt;/suite&gt; &lt;!-- Surefire suite --&gt;
            </pre>
          </div> <!-- main-panel-content rounded-window-bottom -->
        </div> <!-- panel -->
        <div panel-name="testlist-Surefire_suite" class="panel">
          <div class="main-panel-header rounded-window-top">
            <span class="header-content">Tests for Surefire suite</span>
          </div> <!-- main-panel-header rounded-window-top -->
          <div class="main-panel-content rounded-window-bottom">
            <ul>
              <li>
                <span class="test-name">Surefire test (2 classes)</span>
              </li>
            </ul>
          </div> <!-- main-panel-content rounded-window-bottom -->
        </div> <!-- panel -->
        <div panel-name="group-Surefire_suite" class="panel">
          <div class="main-panel-header rounded-window-top">
            <span class="header-content">Groups for Surefire suite</span>
          </div> <!-- main-panel-header rounded-window-top -->
          <div class="main-panel-content rounded-window-bottom">
          </div> <!-- main-panel-content rounded-window-bottom -->
        </div> <!-- panel -->
        <div panel-name="times-Surefire_suite" class="panel">
          <div class="main-panel-header rounded-window-top">
            <span class="header-content">Times for Surefire suite</span>
          </div> <!-- main-panel-header rounded-window-top -->
          <div class="main-panel-content rounded-window-bottom">
            <div class="times-div">
              <script type="text/javascript">
suiteTableInitFunctions.push('tableData_Surefire_suite');
function tableData_Surefire_suite() {
var data = new google.visualization.DataTable();
data.addColumn('number', 'Number');
data.addColumn('string', 'Method');
data.addColumn('string', 'Class');
data.addColumn('number', 'Time (ms)');
data.addRows(11);
data.setCell(0, 0, 0)
data.setCell(0, 1, 'verify_user_signin_with_valid_username_and_password')
data.setCell(0, 2, 'testspec.LoginTest')
data.setCell(0, 3, 10131);
data.setCell(1, 0, 1)
data.setCell(1, 1, 'verify_user_signin_with_valid_username_and_password')
data.setCell(1, 2, 'testspec.LoginTest')
data.setCell(1, 3, 10073);
data.setCell(2, 0, 2)
data.setCell(2, 1, 'verify_book_is_added_to_collection')
data.setCell(2, 2, 'testspec.ProfileTest')
data.setCell(2, 3, 5886);
data.setCell(3, 0, 3)
data.setCell(3, 1, 'verify_user_signin_with_invalid_username_and_password')
data.setCell(3, 2, 'testspec.LoginTest')
data.setCell(3, 3, 5786);
data.setCell(4, 0, 4)
data.setCell(4, 1, 'verify_user_signin_with_valid_username_and_password')
data.setCell(4, 2, 'testspec.LoginTest')
data.setCell(4, 3, 3775);
data.setCell(5, 0, 5)
data.setCell(5, 1, 'verify_user_signin_with_invalid_username_and_password')
data.setCell(5, 2, 'testspec.LoginTest')
data.setCell(5, 3, 3615);
data.setCell(6, 0, 6)
data.setCell(6, 1, 'verify_user_signin_with_invalid_username_and_password')
data.setCell(6, 2, 'testspec.LoginTest')
data.setCell(6, 3, 3483);
data.setCell(7, 0, 7)
data.setCell(7, 1, 'verify_functional_buttons_are_displayed')
data.setCell(7, 2, 'testspec.ProfileTest')
data.setCell(7, 3, 3130);
data.setCell(8, 0, 8)
data.setCell(8, 1, 'verify_user_signin_with_invalid_username_and_password')
data.setCell(8, 2, 'testspec.LoginTest')
data.setCell(8, 3, 2629);
data.setCell(9, 0, 9)
data.setCell(9, 1, 'verify_user_signin_with_invalid_username_and_password')
data.setCell(9, 2, 'testspec.LoginTest')
data.setCell(9, 3, 2085);
data.setCell(10, 0, 10)
data.setCell(10, 1, 'verify_user_signin_with_invalid_username_and_password')
data.setCell(10, 2, 'testspec.LoginTest')
data.setCell(10, 3, 1839);
window.suiteTableData['Surefire_suite']= { tableData: data, tableDiv: 'times-div-Surefire_suite'}
return data;
}
              </script>
              <span class="suite-total-time">Total running time: 52 seconds</span>
              <div id="times-div-Surefire_suite">
              </div> <!-- times-div-Surefire_suite -->
            </div> <!-- times-div -->
          </div> <!-- main-panel-content rounded-window-bottom -->
        </div> <!-- panel -->
        <div panel-name="reporter-Surefire_suite" class="panel">
          <div class="main-panel-header rounded-window-top">
            <span class="header-content">Reporter output for Surefire suite</span>
          </div> <!-- main-panel-header rounded-window-top -->
          <div class="main-panel-content rounded-window-bottom">
          </div> <!-- main-panel-content rounded-window-bottom -->
        </div> <!-- panel -->
        <div panel-name="ignored-methods-Surefire_suite" class="panel">
          <div class="main-panel-header rounded-window-top">
            <span class="header-content">0 ignored methods</span>
          </div> <!-- main-panel-header rounded-window-top -->
          <div class="main-panel-content rounded-window-bottom">
          </div> <!-- main-panel-content rounded-window-bottom -->
        </div> <!-- panel -->
        <div panel-name="chronological-Surefire_suite" class="panel">
          <div class="main-panel-header rounded-window-top">
            <span class="header-content">Methods in chronological order</span>
          </div> <!-- main-panel-header rounded-window-top -->
          <div class="main-panel-content rounded-window-bottom">
            <div class="chronological-class">
              <div class="chronological-class-name">testspec.LoginTest</div> <!-- chronological-class-name -->
              <div class="configuration-test before">
                <span class="method-name">navigateUrl</span>
                <span class="method-start">0 ms</span>
              </div> <!-- configuration-test before -->
            </div> <!-- chronological-class -->
            <div class="chronological-class">
              <div class="chronological-class-name">testspec.ProfileTest</div> <!-- chronological-class-name -->
              <div class="configuration-test before">
                <span class="method-name">navigateUrl</span>
                <span class="method-start">111715 ms</span>
              </div> <!-- configuration-test before -->
            </div> <!-- chronological-class -->
            <div class="chronological-class">
              <div class="chronological-class-name">testspec.LoginTest</div> <!-- chronological-class-name -->
              <div class="test-method">
                <span class="method-name">verify_user_signin_with_invalid_username_and_password(t, t)</span>
                <span class="method-start">116404 ms</span>
              </div> <!-- test-method -->
              <div class="test-method">
                <span class="method-name">verify_user_signin_with_invalid_username_and_password(ttttttttttttttttttttttttttdddddd, ttttttttttttttdddddddddddddddddd)</span>
                <span class="method-start">122199 ms</span>
              </div> <!-- test-method -->
              <div class="test-method">
                <span class="method-name">verify_user_signin_with_invalid_username_and_password(-1111111, -2333333)</span>
                <span class="method-start">125683 ms</span>
              </div> <!-- test-method -->
              <div class="test-method">
                <span class="method-name">verify_user_signin_with_invalid_username_and_password(@@!!$$%%^&*()_+:/><##&*-=;, @@!!$$%%^&*()_+:/><##&*-=;)</span>
                <span class="method-start">129299 ms</span>
              </div> <!-- test-method -->
              <div class="test-method">
                <span class="method-name">verify_user_signin_with_invalid_username_and_password('or 1=1;--, test@123)</span>
                <span class="method-start">131933 ms</span>
              </div> <!-- test-method -->
              <div class="test-method">
                <span class="method-name">verify_user_signin_with_invalid_username_and_password(testoepe, hheheddfgheheh)</span>
                <span class="method-start">133773 ms</span>
              </div> <!-- test-method -->
              <div class="test-method">
                <img src="failed.png">
                </img>
                <span class="method-name">verify_user_signin_with_valid_username_and_password(test123, Test@123)</span>
                <span class="method-start">135860 ms</span>
              </div> <!-- test-method -->
              <div class="test-method">
                <img src="failed.png">
                </img>
                <span class="method-name">verify_user_signin_with_valid_username_and_password(test1234, Test@1234)</span>
                <span class="method-start">139652 ms</span>
              </div> <!-- test-method -->
              <div class="test-method">
                <img src="failed.png">
                </img>
                <span class="method-name">verify_user_signin_with_valid_username_and_password(test12345, Test@12345)</span>
                <span class="method-start">149729 ms</span>
              </div> <!-- test-method -->
            </div> <!-- chronological-class -->
            <div class="chronological-class">
              <div class="chronological-class-name">testspec.ProfileTest</div> <!-- chronological-class-name -->
              <div class="test-method">
                <span class="method-name">verify_book_is_added_to_collection(test123, Test@123, Speaking JavaScript)</span>
                <span class="method-start">159876 ms</span>
              </div> <!-- test-method -->
              <div class="test-method">
                <span class="method-name">verify_functional_buttons_are_displayed</span>
                <span class="method-start">165763 ms</span>
              </div> <!-- test-method -->
            </div> <!-- chronological-class -->
            <div class="chronological-class">
              <div class="chronological-class-name">testspec.LoginTest</div> <!-- chronological-class-name -->
              <div class="configuration-test after">
                <span class="method-name">terminate</span>
                <span class="method-start">168894 ms</span>
              </div> <!-- configuration-test after -->
            </div> <!-- chronological-class -->
            <div class="chronological-class">
              <div class="chronological-class-name">testspec.ProfileTest</div> <!-- chronological-class-name -->
              <div class="configuration-test after">
                <span class="method-name">terminate</span>
                <span class="method-start">169700 ms</span>
              </div> <!-- configuration-test after -->
          </div> <!-- main-panel-content rounded-window-bottom -->
        </div> <!-- panel -->
      </div> <!-- main-panel-root -->
    </div> <!-- wrapper -->
  </body>
</html>
