<?xml version="1.0" encoding="UTF-8"?>
<testng-results ignored="0" total="11" passed="9" failed="2" skipped="0">
  <reporter-output>
  </reporter-output>
  <suite started-at="2023-12-16T13:24:49 IST" name="Suite" finished-at="2023-12-16T13:26:12 IST" duration-ms="82614">
    <groups>
    </groups>
    <test started-at="2023-12-16T13:24:49 IST" name="Test1" finished-at="2023-12-16T13:25:49 IST" duration-ms="59449">
      <class name="testspec.LoginTest">
        <test-method is-config="true" signature="navigateUrl()[pri:0, instance:testspec.LoginTest@40cb8df7]" started-at="2023-12-16T13:24:49 IST" name="navigateUrl" finished-at="2023-12-16T13:25:04 IST" duration-ms="14832" status="PASS">
          <reporter-output>
          </reporter-output>
        </test-method> <!-- navigateUrl -->
        <test-method signature="verify_user_signin_with_invalid_username_and_password(java.lang.String, java.lang.String)[pri:0, instance:testspec.LoginTest@40cb8df7]" started-at="2023-12-16T13:25:04 IST" name="verify_user_signin_with_invalid_username_and_password" data-provider="signinWithInvalidCredentials" finished-at="2023-12-16T13:25:09 IST" duration-ms="4138" status="PASS">
          <params>
            <param index="0">
              <value>
                <![CDATA[t]]>
              </value>
            </param>
            <param index="1">
              <value>
                <![CDATA[t]]>
              </value>
            </param>
          </params>
          <reporter-output>
          </reporter-output>
        </test-method> <!-- verify_user_signin_with_invalid_username_and_password -->
        <test-method signature="verify_user_signin_with_invalid_username_and_password(java.lang.String, java.lang.String)[pri:0, instance:testspec.LoginTest@40cb8df7]" started-at="2023-12-16T13:25:09 IST" name="verify_user_signin_with_invalid_username_and_password" data-provider="signinWithInvalidCredentials" finished-at="2023-12-16T13:25:13 IST" duration-ms="4117" status="PASS">
          <params>
            <param index="0">
              <value>
                <![CDATA[ttttttttttttttttttttttttttdddddd]]>
              </value>
            </param>
            <param index="1">
              <value>
                <![CDATA[ttttttttttttttdddddddddddddddddd]]>
              </value>
            </param>
          </params>
          <reporter-output>
          </reporter-output>
        </test-method> <!-- verify_user_signin_with_invalid_username_and_password -->
        <test-method signature="verify_user_signin_with_invalid_username_and_password(java.lang.String, java.lang.String)[pri:0, instance:testspec.LoginTest@40cb8df7]" started-at="2023-12-16T13:25:13 IST" name="verify_user_signin_with_invalid_username_and_password" data-provider="signinWithInvalidCredentials" finished-at="2023-12-16T13:25:18 IST" duration-ms="4953" status="PASS">
          <params>
            <param index="0">
              <value>
                <![CDATA[-1111111]]>
              </value>
            </param>
            <param index="1">
              <value>
                <![CDATA[-2333333]]>
              </value>
            </param>
          </params>
          <reporter-output>
          </reporter-output>
        </test-method> <!-- verify_user_signin_with_invalid_username_and_password -->
        <test-method signature="verify_user_signin_with_invalid_username_and_password(java.lang.String, java.lang.String)[pri:0, instance:testspec.LoginTest@40cb8df7]" started-at="2023-12-16T13:25:18 IST" name="verify_user_signin_with_invalid_username_and_password" data-provider="signinWithInvalidCredentials" finished-at="2023-12-16T13:25:21 IST" duration-ms="2959" status="PASS">
          <params>
            <param index="0">
              <value>
                <![CDATA[@@!!$$%%^&*()_+:/><##&*-=;]]>
              </value>
            </param>
            <param index="1">
              <value>
                <![CDATA[@@!!$$%%^&*()_+:/><##&*-=;]]>
              </value>
            </param>
          </params>
          <reporter-output>
          </reporter-output>
        </test-method> <!-- verify_user_signin_with_invalid_username_and_password -->
        <test-method signature="verify_user_signin_with_invalid_username_and_password(java.lang.String, java.lang.String)[pri:0, instance:testspec.LoginTest@40cb8df7]" started-at="2023-12-16T13:25:21 IST" name="verify_user_signin_with_invalid_username_and_password" data-provider="signinWithInvalidCredentials" finished-at="2023-12-16T13:25:24 IST" duration-ms="3452" status="PASS">
          <params>
            <param index="0">
              <value>
                <![CDATA['or 1=1;--]]>
              </value>
            </param>
            <param index="1">
              <value>
                <![CDATA[test@123]]>
              </value>
            </param>
          </params>
          <reporter-output>
          </reporter-output>
        </test-method> <!-- verify_user_signin_with_invalid_username_and_password -->
        <test-method signature="verify_user_signin_with_invalid_username_and_password(java.lang.String, java.lang.String)[pri:0, instance:testspec.LoginTest@40cb8df7]" started-at="2023-12-16T13:25:24 IST" name="verify_user_signin_with_invalid_username_and_password" data-provider="signinWithInvalidCredentials" finished-at="2023-12-16T13:25:26 IST" duration-ms="1787" status="PASS">
          <params>
            <param index="0">
              <value>
                <![CDATA[testoepe]]>
              </value>
            </param>
            <param index="1">
              <value>
                <![CDATA[hheheddfgheheh]]>
              </value>
            </param>
          </params>
          <reporter-output>
          </reporter-output>
        </test-method> <!-- verify_user_signin_with_invalid_username_and_password -->
        <test-method signature="verify_user_signin_with_valid_username_and_password(java.lang.String, java.lang.String)[pri:0, instance:testspec.LoginTest@40cb8df7]" started-at="2023-12-16T13:25:26 IST" name="verify_user_signin_with_valid_username_and_password" data-provider="signinWithValidCredentials" finished-at="2023-12-16T13:25:34 IST" duration-ms="7689" status="PASS">
          <params>
            <param index="0">
              <value>
                <![CDATA[test123]]>
              </value>
            </param>
            <param index="1">
              <value>
                <![CDATA[Test@123]]>
              </value>
            </param>
          </params>
          <reporter-output>
          </reporter-output>
        </test-method> <!-- verify_user_signin_with_valid_username_and_password -->
        <test-method signature="verify_user_signin_with_valid_username_and_password(java.lang.String, java.lang.String)[pri:0, instance:testspec.LoginTest@40cb8df7]" started-at="2023-12-16T13:25:34 IST" name="verify_user_signin_with_valid_username_and_password" data-provider="signinWithValidCredentials" finished-at="2023-12-16T13:25:37 IST" duration-ms="3781" status="FAIL">
          <params>
            <param index="0">
              <value>
                <![CDATA[test1234]]>
              </value>
            </param>
            <param index="1">
              <value>
                <![CDATA[Test@1234]]>
              </value>
            </param>
          </params>
          <exception class="java.lang.AssertionError">
            <message>
              <![CDATA[expected [test1234] but found [Test1234]]]>
            </message>
            <full-stacktrace>
              <![CDATA[java.lang.AssertionError: expected [test1234] but found [Test1234]
at org.testng.Assert.fail(Assert.java:97)
at org.testng.Assert.assertEqualsImpl(Assert.java:136)
at org.testng.Assert.assertEquals(Assert.java:118)
at org.testng.Assert.assertEquals(Assert.java:575)
at org.testng.Assert.assertEquals(Assert.java:585)
at testspec.LoginTest.verify_user_signin_with_valid_username_and_password(LoginTest.java:97)
at java.base/jdk.internal.reflect.NativeMethodAccessorImpl.invoke0(Native Method)
at java.base/jdk.internal.reflect.NativeMethodAccessorImpl.invoke(NativeMethodAccessorImpl.java:77)
at java.base/jdk.internal.reflect.DelegatingMethodAccessorImpl.invoke(DelegatingMethodAccessorImpl.java:43)
at java.base/java.lang.reflect.Method.invoke(Method.java:568)
at org.testng.internal.MethodInvocationHelper.invokeMethod(MethodInvocationHelper.java:134)
at org.testng.internal.TestInvoker.invokeMethod(TestInvoker.java:597)
at org.testng.internal.TestInvoker.invokeTestMethod(TestInvoker.java:173)
at org.testng.internal.MethodRunner.runInSequence(MethodRunner.java:46)
at org.testng.internal.TestInvoker$MethodInvocationAgent.invoke(TestInvoker.java:816)
at org.testng.internal.TestInvoker.invokeTestMethods(TestInvoker.java:146)
at org.testng.internal.TestMethodWorker.invokeTestMethods(TestMethodWorker.java:146)
at org.testng.internal.TestMethodWorker.run(TestMethodWorker.java:128)
at java.base/java.util.ArrayList.forEach(ArrayList.java:1511)
at org.testng.TestRunner.privateRun(TestRunner.java:766)
at org.testng.TestRunner.run(TestRunner.java:587)
at org.testng.SuiteRunner.runTest(SuiteRunner.java:384)
at org.testng.SuiteRunner.runSequentially(SuiteRunner.java:378)
at org.testng.SuiteRunner.privateRun(SuiteRunner.java:337)
at org.testng.SuiteRunner.run(SuiteRunner.java:286)
at org.testng.SuiteRunnerWorker.runSuite(SuiteRunnerWorker.java:53)
at org.testng.SuiteRunnerWorker.run(SuiteRunnerWorker.java:96)
at org.testng.TestNG.runSuitesSequentially(TestNG.java:1187)
at org.testng.TestNG.runSuitesLocally(TestNG.java:1109)
at org.testng.TestNG.runSuites(TestNG.java:1039)
at org.testng.TestNG.run(TestNG.java:1007)
at org.testng.remote.AbstractRemoteTestNG.run(AbstractRemoteTestNG.java:115)
at org.testng.remote.RemoteTestNG.initAndRun(RemoteTestNG.java:251)
at org.testng.remote.RemoteTestNG.main(RemoteTestNG.java:77)
]]>
            </full-stacktrace>
          </exception> <!-- java.lang.AssertionError -->
          <reporter-output>
          </reporter-output>
        </test-method> <!-- verify_user_signin_with_valid_username_and_password -->
        <test-method signature="verify_user_signin_with_valid_username_and_password(java.lang.String, java.lang.String)[pri:0, instance:testspec.LoginTest@40cb8df7]" started-at="2023-12-16T13:25:37 IST" name="verify_user_signin_with_valid_username_and_password" data-provider="signinWithValidCredentials" finished-at="2023-12-16T13:25:47 IST" duration-ms="10067" status="FAIL">
          <params>
            <param index="0">
              <value>
                <![CDATA[test12345]]>
              </value>
            </param>
            <param index="1">
              <value>
                <![CDATA[Test@12345]]>
              </value>
            </param>
          </params>
          <exception class="org.openqa.selenium.NoSuchElementException">
            <message>
              <![CDATA[no such element: Unable to locate element: {"method":"css selector","selector":"#userName"}
  (Session info: chrome=119.0.6045.200)
For documentation on this error, please visit: https://www.selenium.dev/documentation/webdriver/troubleshooting/errors#no-such-element-exception
Build info: version: '4.15.0', revision: '1d14b5521b'
System info: os.name: 'Windows 10', os.arch: 'amd64', os.version: '10.0', java.version: '17.0.5'
Driver info: org.openqa.selenium.chrome.ChromeDriver
Command: [f4dd6df101ab0cf0d4caabd01dd80015, findElement {using=id, value=userName}]
Capabilities {acceptInsecureCerts: false, browserName: chrome, browserVersion: 119.0.6045.200, chrome: {chromedriverVersion: 119.0.6045.105 (38c72552c5e..., userDataDir: C:\Users\91882\AppData\Loca...}, fedcm:accounts: true, goog:chromeOptions: {debuggerAddress: localhost:56096}, networkConnectionEnabled: false, pageLoadStrategy: normal, platformName: windows, proxy: Proxy(), se:cdp: ws://localhost:56096/devtoo..., se:cdpVersion: 119.0.6045.200, setWindowRect: true, strictFileInteractability: false, timeouts: {implicit: 0, pageLoad: 300000, script: 30000}, unhandledPromptBehavior: dismiss and notify, webauthn:extension:credBlob: true, webauthn:extension:largeBlob: true, webauthn:extension:minPinLength: true, webauthn:extension:prf: true, webauthn:virtualAuthenticators: true}
Session ID: f4dd6df101ab0cf0d4caabd01dd80015]]>
            </message>
            <full-stacktrace>
              <![CDATA[org.openqa.selenium.NoSuchElementException: no such element: Unable to locate element: {"method":"css selector","selector":"#userName"}
  (Session info: chrome=119.0.6045.200)
For documentation on this error, please visit: https://www.selenium.dev/documentation/webdriver/troubleshooting/errors#no-such-element-exception
Build info: version: '4.15.0', revision: '1d14b5521b'
System info: os.name: 'Windows 10', os.arch: 'amd64', os.version: '10.0', java.version: '17.0.5'
Driver info: org.openqa.selenium.chrome.ChromeDriver
Command: [f4dd6df101ab0cf0d4caabd01dd80015, findElement {using=id, value=userName}]
Capabilities {acceptInsecureCerts: false, browserName: chrome, browserVersion: 119.0.6045.200, chrome: {chromedriverVersion: 119.0.6045.105 (38c72552c5e..., userDataDir: C:\Users\91882\AppData\Loca...}, fedcm:accounts: true, goog:chromeOptions: {debuggerAddress: localhost:56096}, networkConnectionEnabled: false, pageLoadStrategy: normal, platformName: windows, proxy: Proxy(), se:cdp: ws://localhost:56096/devtoo..., se:cdpVersion: 119.0.6045.200, setWindowRect: true, strictFileInteractability: false, timeouts: {implicit: 0, pageLoad: 300000, script: 30000}, unhandledPromptBehavior: dismiss and notify, webauthn:extension:credBlob: true, webauthn:extension:largeBlob: true, webauthn:extension:minPinLength: true, webauthn:extension:prf: true, webauthn:virtualAuthenticators: true}
Session ID: f4dd6df101ab0cf0d4caabd01dd80015
at java.base/jdk.internal.reflect.NativeConstructorAccessorImpl.newInstance0(Native Method)
at java.base/jdk.internal.reflect.NativeConstructorAccessorImpl.newInstance(NativeConstructorAccessorImpl.java:77)
at java.base/jdk.internal.reflect.DelegatingConstructorAccessorImpl.newInstance(DelegatingConstructorAccessorImpl.java:45)
at java.base/java.lang.reflect.Constructor.newInstanceWithCaller(Constructor.java:499)
at java.base/java.lang.reflect.Constructor.newInstance(Constructor.java:480)
at org.openqa.selenium.remote.codec.w3c.W3CHttpResponseCodec.createException(W3CHttpResponseCodec.java:200)
at org.openqa.selenium.remote.codec.w3c.W3CHttpResponseCodec.decode(W3CHttpResponseCodec.java:133)
at org.openqa.selenium.remote.codec.w3c.W3CHttpResponseCodec.decode(W3CHttpResponseCodec.java:52)
at org.openqa.selenium.remote.HttpCommandExecutor.execute(HttpCommandExecutor.java:191)
at org.openqa.selenium.remote.service.DriverCommandExecutor.invokeExecute(DriverCommandExecutor.java:200)
at org.openqa.selenium.remote.service.DriverCommandExecutor.execute(DriverCommandExecutor.java:175)
at org.openqa.selenium.remote.RemoteWebDriver.execute(RemoteWebDriver.java:607)
at org.openqa.selenium.remote.ElementLocation$ElementFinder$2.findElement(ElementLocation.java:165)
at org.openqa.selenium.remote.ElementLocation.findElement(ElementLocation.java:59)
at org.openqa.selenium.remote.RemoteWebDriver.findElement(RemoteWebDriver.java:364)
at org.openqa.selenium.remote.RemoteWebDriver.findElement(RemoteWebDriver.java:358)
at pageobject.LoginPageObject.getUsernameField(LoginPageObject.java:27)
at testspec.LoginTest.verify_user_signin_with_valid_username_and_password(LoginTest.java:90)
at java.base/jdk.internal.reflect.NativeMethodAccessorImpl.invoke0(Native Method)
at java.base/jdk.internal.reflect.NativeMethodAccessorImpl.invoke(NativeMethodAccessorImpl.java:77)
at java.base/jdk.internal.reflect.DelegatingMethodAccessorImpl.invoke(DelegatingMethodAccessorImpl.java:43)
at java.base/java.lang.reflect.Method.invoke(Method.java:568)
at org.testng.internal.MethodInvocationHelper.invokeMethod(MethodInvocationHelper.java:134)
at org.testng.internal.TestInvoker.invokeMethod(TestInvoker.java:597)
at org.testng.internal.TestInvoker.invokeTestMethod(TestInvoker.java:173)
at org.testng.internal.MethodRunner.runInSequence(MethodRunner.java:46)
at org.testng.internal.TestInvoker$MethodInvocationAgent.invoke(TestInvoker.java:816)
at org.testng.internal.TestInvoker.invokeTestMethods(TestInvoker.java:146)
at org.testng.internal.TestMethodWorker.invokeTestMethods(TestMethodWorker.java:146)
at org.testng.internal.TestMethodWorker.run(TestMethodWorker.java:128)
at java.base/java.util.ArrayList.forEach(ArrayList.java:1511)
at org.testng.TestRunner.privateRun(TestRunner.java:766)
at org.testng.TestRunner.run(TestRunner.java:587)
at org.testng.SuiteRunner.runTest(SuiteRunner.java:384)
at org.testng.SuiteRunner.runSequentially(SuiteRunner.java:378)
at org.testng.SuiteRunner.privateRun(SuiteRunner.java:337)
at org.testng.SuiteRunner.run(SuiteRunner.java:286)
at org.testng.SuiteRunnerWorker.runSuite(SuiteRunnerWorker.java:53)
at org.testng.SuiteRunnerWorker.run(SuiteRunnerWorker.java:96)
at org.testng.TestNG.runSuitesSequentially(TestNG.java:1187)
at org.testng.TestNG.runSuitesLocally(TestNG.java:1109)
at org.testng.TestNG.runSuites(TestNG.java:1039)
at org.testng.TestNG.run(TestNG.java:1007)
at org.testng.remote.AbstractRemoteTestNG.run(AbstractRemoteTestNG.java:115)
at org.testng.remote.RemoteTestNG.initAndRun(RemoteTestNG.java:251)
at org.testng.remote.RemoteTestNG.main(RemoteTestNG.java:77)
]]>
            </full-stacktrace>
          </exception> <!-- org.openqa.selenium.NoSuchElementException -->
          <reporter-output>
          </reporter-output>
        </test-method> <!-- verify_user_signin_with_valid_username_and_password -->
        <test-method is-config="true" signature="terminate()[pri:0, instance:testspec.LoginTest@40cb8df7]" started-at="2023-12-16T13:25:47 IST" name="terminate" finished-at="2023-12-16T13:25:49 IST" duration-ms="1447" status="PASS">
          <reporter-output>
          </reporter-output>
        </test-method> <!-- terminate -->
      </class> <!-- testspec.LoginTest -->
    </test> <!-- Test1 -->
    <test started-at="2023-12-16T13:25:49 IST" name="Test2" finished-at="2023-12-16T13:26:12 IST" duration-ms="22993">
      <class name="testspec.ProfileTest">
        <test-method is-config="true" signature="navigateUrl()[pri:0, instance:testspec.ProfileTest@378542de]" started-at="2023-12-16T13:25:49 IST" name="navigateUrl" finished-at="2023-12-16T13:26:00 IST" duration-ms="10516" status="PASS">
          <reporter-output>
          </reporter-output>
        </test-method> <!-- navigateUrl -->
        <test-method signature="verify_book_is_added_to_collection(java.lang.String, java.lang.String, java.lang.String)[pri:0, instance:testspec.ProfileTest@378542de]" started-at="2023-12-16T13:26:00 IST" name="verify_book_is_added_to_collection" data-provider="book" finished-at="2023-12-16T13:26:08 IST" duration-ms="8842" status="PASS">
          <params>
            <param index="0">
              <value>
                <![CDATA[test123]]>
              </value>
            </param>
            <param index="1">
              <value>
                <![CDATA[Test@123]]>
              </value>
            </param>
            <param index="2">
              <value>
                <![CDATA[Speaking JavaScript]]>
              </value>
            </param>
          </params>
          <reporter-output>
          </reporter-output>
        </test-method> <!-- verify_book_is_added_to_collection -->
        <test-method signature="verify_functional_buttons_are_displayed()[pri:0, instance:testspec.ProfileTest@378542de]" started-at="2023-12-16T13:26:08 IST" name="verify_functional_buttons_are_displayed" finished-at="2023-12-16T13:26:12 IST" duration-ms="3135" status="PASS">
          <reporter-output>
          </reporter-output>
        </test-method> <!-- verify_functional_buttons_are_displayed -->
        <test-method is-config="true" signature="terminate()[pri:0, instance:testspec.ProfileTest@378542de]" started-at="2023-12-16T13:26:12 IST" name="terminate" finished-at="2023-12-16T13:26:12 IST" duration-ms="487" status="PASS">
          <reporter-output>
          </reporter-output>
        </test-method> <!-- terminate -->
      </class> <!-- testspec.ProfileTest -->
    </test> <!-- Test2 -->
  </suite> <!-- Suite -->
</testng-results>
